<?xml version="1.0" encoding="UTF-8" standalone="yes"?><!DOCTYPE report PUBLIC "-//JACOCO//DTD Report 1.0//EN" "report.dtd"><report name="17654-g2"><sessioninfo id="Weinans-MacBook-Pro.local-a6801f72" start="1476066648195" dump="1476066648737"/><package name="analysis"><class name="analysis/ShapeClassifier"><method name="&lt;init&gt;" desc="()V" line="5"><counter type="INSTRUCTION" missed="0" covered="50"/><counter type="LINE" missed="0" covered="6"/><counter type="COMPLEXITY" missed="0" covered="1"/><counter type="METHOD" missed="0" covered="1"/></method><method name="evaluateGuess" desc="(Ljava/lang/String;)Ljava/lang/String;" line="16"><counter type="INSTRUCTION" missed="43" covered="234"/><counter type="BRANCH" missed="7" covered="36"/><counter type="LINE" missed="7" covered="45"/><counter type="COMPLEXITY" missed="7" covered="17"/><counter type="METHOD" missed="0" covered="1"/></method><method name="calculateCirclePerimeter" desc="(I)I" line="112"><counter type="INSTRUCTION" missed="0" covered="6"/><counter type="LINE" missed="0" covered="1"/><counter type="COMPLEXITY" missed="0" covered="1"/><counter type="METHOD" missed="0" covered="1"/></method><method name="calculateSquarePerimeter" desc="(I)I" line="117"><counter type="INSTRUCTION" missed="4" covered="0"/><counter type="LINE" missed="1" covered="0"/><counter type="COMPLEXITY" missed="1" covered="0"/><counter type="METHOD" missed="1" covered="0"/></method><method name="calculateRectanglePerimeter" desc="(IIII)I" line="122"><counter type="INSTRUCTION" missed="8" covered="16"/><counter type="BRANCH" missed="1" covered="3"/><counter type="LINE" missed="1" covered="4"/><counter type="COMPLEXITY" missed="1" covered="2"/><counter type="METHOD" missed="0" covered="1"/></method><method name="calculateTrianglePerimeter" desc="(III)I" line="136"><counter type="INSTRUCTION" missed="0" covered="6"/><counter type="LINE" missed="0" covered="1"/><counter type="COMPLEXITY" missed="0" covered="1"/><counter type="METHOD" missed="0" covered="1"/></method><method name="calculateEllipsePerimeter" desc="(II)I" line="142"><counter type="INSTRUCTION" missed="28" covered="0"/><counter type="LINE" missed="2" covered="0"/><counter type="COMPLEXITY" missed="1" covered="0"/><counter type="METHOD" missed="1" covered="0"/></method><method name="getParams" desc="(Ljava/lang/String;)[Ljava/lang/Integer;" line="148"><counter type="INSTRUCTION" missed="0" covered="32"/><counter type="BRANCH" missed="0" covered="2"/><counter type="LINE" missed="0" covered="6"/><counter type="COMPLEXITY" missed="0" covered="2"/><counter type="METHOD" missed="0" covered="1"/></method><method name="getEvenOddGuess" desc="(Ljava/lang/String;)Ljava/lang/String;" line="160"><counter type="INSTRUCTION" missed="0" covered="8"/><counter type="LINE" missed="0" covered="2"/><counter type="COMPLEXITY" missed="0" covered="1"/><counter type="METHOD" missed="0" covered="1"/></method><method name="getSizeGuess" desc="(Ljava/lang/String;)Ljava/lang/String;" line="166"><counter type="INSTRUCTION" missed="0" covered="8"/><counter type="LINE" missed="0" covered="2"/><counter type="COMPLEXITY" missed="0" covered="1"/><counter type="METHOD" missed="0" covered="1"/></method><method name="getShapeGuess" desc="(Ljava/lang/String;)Ljava/lang/String;" line="172"><counter type="INSTRUCTION" missed="0" covered="8"/><counter type="LINE" missed="0" covered="2"/><counter type="COMPLEXITY" missed="0" covered="1"/><counter type="METHOD" missed="0" covered="1"/></method><method name="classify2Parameters" desc="(II)Ljava/lang/String;" line="178"><counter type="INSTRUCTION" missed="21" covered="8"/><counter type="BRANCH" missed="9" covered="1"/><counter type="LINE" missed="7" covered="2"/><counter type="COMPLEXITY" missed="5" covered="1"/><counter type="METHOD" missed="0" covered="1"/></method><method name="classify4Parameters" desc="(IIII)Ljava/lang/String;" line="196"><counter type="INSTRUCTION" missed="18" covered="25"/><counter type="BRANCH" missed="8" covered="6"/><counter type="LINE" missed="4" covered="5"/><counter type="COMPLEXITY" missed="6" covered="2"/><counter type="METHOD" missed="0" covered="1"/></method><method name="classify3Parameters" desc="(III)Ljava/lang/String;" line="215"><counter type="INSTRUCTION" missed="2" covered="45"/><counter type="BRANCH" missed="5" covered="11"/><counter type="LINE" missed="1" covered="6"/><counter type="COMPLEXITY" missed="5" covered="4"/><counter type="METHOD" missed="0" covered="1"/></method><counter type="INSTRUCTION" missed="124" covered="446"/><counter type="BRANCH" missed="30" covered="59"/><counter type="LINE" missed="23" covered="82"/><counter type="COMPLEXITY" missed="26" covered="34"/><counter type="METHOD" missed="2" covered="12"/><counter type="CLASS" missed="0" covered="1"/></class><sourcefile name="ShapeClassifier.java"><line nr="5" mi="0" ci="16" mb="0" cb="0"/><line nr="6" mi="0" ci="12" mb="0" cb="0"/><line nr="7" mi="0" ci="16" mb="0" cb="0"/><line nr="9" mi="0" ci="2" mb="0" cb="0"/><line nr="10" mi="0" ci="3" mb="0" cb="0"/><line nr="11" mi="0" ci="1" mb="0" cb="0"/><line nr="16" mi="0" ci="2" mb="0" cb="0"/><line nr="17" mi="0" ci="4" mb="0" cb="0"/><line nr="18" mi="0" ci="4" mb="0" cb="0"/><line nr="19" mi="0" ci="4" mb="0" cb="0"/><line nr="20" mi="0" ci="4" mb="0" cb="0"/><line nr="21" mi="0" ci="2" mb="0" cb="0"/><line nr="23" mi="0" ci="2" mb="1" cb="1"/><line nr="24" mi="2" ci="0" mb="0" cb="0"/><line nr="26" mi="0" ci="2" mb="1" cb="1"/><line nr="27" mi="2" ci="0" mb="0" cb="0"/><line nr="29" mi="0" ci="2" mb="1" cb="1"/><line nr="30" mi="2" ci="0" mb="0" cb="0"/><line nr="33" mi="0" ci="3" mb="1" cb="4"/><line nr="35" mi="0" ci="4" mb="0" cb="2"/><line nr="36" mi="0" ci="2" mb="0" cb="0"/><line nr="37" mi="0" ci="6" mb="0" cb="0"/><line nr="41" mi="0" ci="11" mb="0" cb="0"/><line nr="42" mi="0" ci="4" mb="1" cb="1"/><line nr="43" mi="12" ci="0" mb="0" cb="0"/><line nr="46" mi="0" ci="7" mb="0" cb="0"/><line nr="48" mi="0" ci="1" mb="0" cb="0"/><line nr="50" mi="0" ci="15" mb="0" cb="0"/><line nr="51" mi="0" ci="15" mb="0" cb="0"/><line nr="52" mi="0" ci="1" mb="0" cb="0"/><line nr="54" mi="0" ci="19" mb="0" cb="0"/><line nr="55" mi="0" ci="4" mb="1" cb="1"/><line nr="56" mi="0" ci="20" mb="0" cb="0"/><line nr="59" mi="19" ci="0" mb="0" cb="0"/><line nr="63" mi="0" ci="2" mb="0" cb="0"/><line nr="64" mi="0" ci="2" mb="0" cb="0"/><line nr="65" mi="0" ci="2" mb="0" cb="0"/><line nr="68" mi="0" ci="4" mb="0" cb="2"/><line nr="69" mi="0" ci="4" mb="0" cb="0"/><line nr="71" mi="0" ci="3" mb="0" cb="0"/><line nr="75" mi="0" ci="7" mb="0" cb="4"/><line nr="76" mi="0" ci="4" mb="0" cb="0"/><line nr="78" mi="0" ci="7" mb="1" cb="3"/><line nr="79" mi="4" ci="0" mb="0" cb="0"/><line nr="82" mi="0" ci="3" mb="0" cb="0"/><line nr="85" mi="0" ci="9" mb="0" cb="4"/><line nr="86" mi="0" ci="4" mb="0" cb="0"/><line nr="88" mi="0" ci="9" mb="0" cb="4"/><line nr="89" mi="0" ci="4" mb="0" cb="0"/><line nr="92" mi="0" ci="3" mb="0" cb="0"/><line nr="95" mi="0" ci="9" mb="0" cb="6"/><line nr="96" mi="0" ci="3" mb="0" cb="0"/><line nr="97" mi="0" ci="2" mb="0" cb="0"/><line nr="101" mi="0" ci="6" mb="0" cb="0"/><line nr="102" mi="0" ci="4" mb="0" cb="2"/><line nr="103" mi="0" ci="3" mb="0" cb="0"/><line nr="104" mi="2" ci="0" mb="0" cb="0"/><line nr="106" mi="0" ci="2" mb="0" cb="0"/><line nr="112" mi="0" ci="6" mb="0" cb="0"/><line nr="117" mi="4" ci="0" mb="0" cb="0"/><line nr="122" mi="0" ci="3" mb="0" cb="2"/><line nr="124" mi="0" ci="8" mb="0" cb="0"/><line nr="127" mi="0" ci="3" mb="1" cb="1"/><line nr="128" mi="8" ci="0" mb="0" cb="0"/><line nr="131" mi="0" ci="2" mb="0" cb="0"/><line nr="136" mi="0" ci="6" mb="0" cb="0"/><line nr="142" mi="6" ci="0" mb="0" cb="0"/><line nr="143" mi="22" ci="0" mb="0" cb="0"/><line nr="148" mi="0" ci="4" mb="0" cb="0"/><line nr="149" mi="0" ci="2" mb="0" cb="0"/><line nr="151" mi="0" ci="6" mb="0" cb="0"/><line nr="152" mi="0" ci="8" mb="0" cb="2"/><line nr="153" mi="0" ci="10" mb="0" cb="0"/><line nr="155" mi="0" ci="2" mb="0" cb="0"/><line nr="160" mi="0" ci="4" mb="0" cb="0"/><line nr="161" mi="0" ci="4" mb="0" cb="0"/><line nr="166" mi="0" ci="4" mb="0" cb="0"/><line nr="167" mi="0" ci="4" mb="0" cb="0"/><line nr="172" mi="0" ci="4" mb="0" cb="0"/><line nr="173" mi="0" ci="4" mb="0" cb="0"/><line nr="178" mi="0" ci="3" mb="1" cb="1"/><line nr="179" mi="0" ci="5" mb="0" cb="0"/><line nr="181" mi="2" ci="0" mb="2" cb="0"/><line nr="182" mi="2" ci="0" mb="2" cb="0"/><line nr="183" mi="5" ci="0" mb="0" cb="0"/><line nr="186" mi="3" ci="0" mb="2" cb="0"/><line nr="187" mi="2" ci="0" mb="2" cb="0"/><line nr="188" mi="5" ci="0" mb="0" cb="0"/><line nr="191" mi="2" ci="0" mb="0" cb="0"/><line nr="196" mi="0" ci="6" mb="1" cb="3"/><line nr="197" mi="0" ci="3" mb="1" cb="1"/><line nr="198" mi="5" ci="0" mb="0" cb="0"/><line nr="201" mi="0" ci="5" mb="0" cb="0"/><line nr="203" mi="0" ci="6" mb="2" cb="2"/><line nr="204" mi="0" ci="5" mb="0" cb="0"/><line nr="206" mi="6" ci="0" mb="4" cb="0"/><line nr="207" mi="5" ci="0" mb="0" cb="0"/><line nr="209" mi="2" ci="0" mb="0" cb="0"/><line nr="215" mi="0" ci="15" mb="3" cb="3"/><line nr="216" mi="0" ci="6" mb="0" cb="4"/><line nr="217" mi="0" ci="5" mb="0" cb="0"/><line nr="218" mi="0" ci="9" mb="2" cb="4"/><line nr="219" mi="0" ci="5" mb="0" cb="0"/><line nr="221" mi="0" ci="5" mb="0" cb="0"/><line nr="224" mi="2" ci="0" mb="0" cb="0"/><counter type="INSTRUCTION" missed="124" covered="446"/><counter type="BRANCH" missed="30" covered="59"/><counter type="LINE" missed="23" covered="82"/><counter type="COMPLEXITY" missed="26" covered="34"/><counter type="METHOD" missed="2" covered="12"/><counter type="CLASS" missed="0" covered="1"/></sourcefile><counter type="INSTRUCTION" missed="124" covered="446"/><counter type="BRANCH" missed="30" covered="59"/><counter type="LINE" missed="23" covered="82"/><counter type="COMPLEXITY" missed="26" covered="34"/><counter type="METHOD" missed="2" covered="12"/><counter type="CLASS" missed="0" covered="1"/></package><counter type="INSTRUCTION" missed="124" covered="446"/><counter type="BRANCH" missed="30" covered="59"/><counter type="LINE" missed="23" covered="82"/><counter type="COMPLEXITY" missed="26" covered="34"/><counter type="METHOD" missed="2" covered="12"/><counter type="CLASS" missed="0" covered="1"/></report>